
> voidfrequencies@0.1.0 dev
> next dev -p 4028

   ▲ Next.js 15.5.18
   - Local:        http://localhost:4028
   - Network:      http://192.168.0.2:4028
   - Environments: .env

 ✓ Starting...
Attention: Next.js now collects completely anonymous telemetry regarding usage.
This information is used to shape Next.js' roadmap and prioritize features.
You can learn more, including how to opt-out if you'd not like to participate in this anonymous program, by visiting the following URL:
https://nextjs.org/telemetry

 ✓ Ready in 1974ms
 ○ Compiling / ...
 ✓ Compiled / in 15.1s (2077 modules)
 HEAD / 200 in 16991ms
 GET / 200 in 236ms
 ○ Compiling /albums ...
 ✓ Compiled /albums in 2.2s (2068 modules)
 ⚠ Fast Refresh had to perform a full reload. Read more: https://nextjs.org/docs/messages/fast-refresh-reload
 GET /albums 200 in 3048ms
 ○ Compiling /album-detail ...
 ✓ Compiled /album-detail in 978ms (2061 modules)
 GET /album-detail?id=void-frequencies 200 in 1424ms
